This is pdfTeX, Version 3.14159265-2.6-1.40.21 (MiKTeX 2.9.7350 64-bit) (preloaded format=pdflatex 2020.4.15)  4 MAR 2021 21:03
entering extended mode
**./Report.tex
(Report.tex
LaTeX2e <2020-02-02> patch level 5
L3 programming layer <2020-03-06>
("C:\Users\HP\AppData\Local\Programs\MiKTeX 2.9\tex/latex/base\report.cls"
Document Class: report 2019/12/20 v1.4l Standard LaTeX document class
("C:\Users\HP\AppData\Local\Programs\MiKTeX 2.9\tex/latex/base\size11.clo"
File: size11.clo 2019/12/20 v1.4l Standard LaTeX file (size option)
)
\c@part=\count167
\c@chapter=\count168
\c@section=\count169
\c@subsection=\count170
\c@subsubsection=\count171
\c@paragraph=\count172
\c@subparagraph=\count173
\c@figure=\count174
\c@table=\count175
\abovecaptionskip=\skip47
\belowcaptionskip=\skip48
\bibindent=\dimen134
)
("C:\Users\HP\AppData\Local\Programs\MiKTeX 2.9\tex/latex/geometry\geometry.sty
"
Package: geometry 2020/01/02 v5.9 Page Geometry
 ("C:\Users\HP\AppData\Local\Programs\MiKTeX 2.9\tex/latex/graphics\keyval.sty"
Package: keyval 2014/10/28 v1.15 key=value parser (DPC)
\KV@toks@=\toks15
) ("C:\Users\HP\AppData\Local\Programs\MiKTeX 2.9\tex/generic/iftex\ifvtex.sty"
Package: ifvtex 2019/10/25 v1.7 ifvtex legacy package. Use iftex instead.
 ("C:\Users\HP\AppData\Local\Programs\MiKTeX 2.9\tex/generic/iftex\iftex.sty"
Package: iftex 2020/03/06 v1.0d TeX engine tests
))
\Gm@cnth=\count176
\Gm@cntv=\count177
\c@Gm@tempcnt=\count178
\Gm@bindingoffset=\dimen135
\Gm@wd@mp=\dimen136
\Gm@odd@mp=\dimen137
\Gm@even@mp=\dimen138
\Gm@layoutwidth=\dimen139
\Gm@layoutheight=\dimen140
\Gm@layouthoffset=\dimen141
\Gm@layoutvoffset=\dimen142
\Gm@dimlist=\toks16

("C:\Users\HP\AppData\Local\Programs\MiKTeX 2.9\tex/latex/geometry\geometry.cfg
"))
("C:\Users\HP\AppData\Local\Programs\MiKTeX 2.9\tex/latex/endfloat\endfloat.sty
"
Package: endfloat 2019/04/15 v2.7 LaTeX2e package puts figures and tables at en
d (jdm)
\c@postfigure=\count179
\efloat@postfff=\write3
\@ef@fffopen=\count180
\c@posttable=\count181
\efloat@postttt=\write4
\@ef@tttopen=\count182
)
("C:\Users\HP\AppData\Local\Programs\MiKTeX 2.9\tex/latex/graphics\graphicx.sty
"
Package: graphicx 2019/11/30 v1.2a Enhanced LaTeX Graphics (DPC,SPQR)

("C:\Users\HP\AppData\Local\Programs\MiKTeX 2.9\tex/latex/graphics\graphics.sty
"
Package: graphics 2019/11/30 v1.4a Standard LaTeX Graphics (DPC,SPQR)
 ("C:\Users\HP\AppData\Local\Programs\MiKTeX 2.9\tex/latex/graphics\trig.sty"
Package: trig 2016/01/03 v1.10 sin cos tan (DPC)
)
("C:\Users\HP\AppData\Local\Programs\MiKTeX 2.9\tex/latex/graphics-cfg\graphics
.cfg"
File: graphics.cfg 2016/06/04 v1.11 sample graphics configuration
)
Package graphics Info: Driver file: pdftex.def on input line 105.

("C:\Users\HP\AppData\Local\Programs\MiKTeX 2.9\tex/latex/graphics-def\pdftex.d
ef"
File: pdftex.def 2018/01/08 v1.0l Graphics/color driver for pdftex
))
\Gin@req@height=\dimen143
\Gin@req@width=\dimen144
)
("C:\Users\HP\AppData\Local\Programs\MiKTeX 2.9\tex/latex/hyperref\hyperref.sty
"
Package: hyperref 2020/01/14 v7.00d Hypertext links for LaTeX

("C:\Users\HP\AppData\Local\Programs\MiKTeX 2.9\tex/generic/ltxcmds\ltxcmds.sty
"
Package: ltxcmds 2019/12/15 v1.24 LaTeX kernel commands for general use (HO)
)
("C:\Users\HP\AppData\Local\Programs\MiKTeX 2.9\tex/latex/pdftexcmds\pdftexcmds
.sty"
Package: pdftexcmds 2019/11/24 v0.31 Utility functions of pdfTeX for LuaTeX (HO
)

("C:\Users\HP\AppData\Local\Programs\MiKTeX 2.9\tex/generic/infwarerr\infwarerr
.sty"
Package: infwarerr 2019/12/03 v1.5 Providing info/warning/error messages (HO)
)
Package pdftexcmds Info: \pdf@primitive is available.
Package pdftexcmds Info: \pdf@ifprimitive is available.
Package pdftexcmds Info: \pdfdraftmode found.
)
("C:\Users\HP\AppData\Local\Programs\MiKTeX 2.9\tex/generic/kvsetkeys\kvsetkeys
.sty"
Package: kvsetkeys 2019/12/15 v1.18 Key value parser (HO)
)
("C:\Users\HP\AppData\Local\Programs\MiKTeX 2.9\tex/generic/kvdefinekeys\kvdefi
nekeys.sty"
Package: kvdefinekeys 2019-12-19 v1.6 Define keys (HO)
)
("C:\Users\HP\AppData\Local\Programs\MiKTeX 2.9\tex/generic/pdfescape\pdfescape
.sty"
Package: pdfescape 2019/12/09 v1.15 Implements pdfTeX's escape features (HO)
)
("C:\Users\HP\AppData\Local\Programs\MiKTeX 2.9\tex/latex/hycolor\hycolor.sty"
Package: hycolor 2020-01-27 v1.10 Color options for hyperref/bookmark (HO)
)
("C:\Users\HP\AppData\Local\Programs\MiKTeX 2.9\tex/latex/letltxmacro\letltxmac
ro.sty"
Package: letltxmacro 2019/12/03 v1.6 Let assignment for LaTeX macros (HO)
)
("C:\Users\HP\AppData\Local\Programs\MiKTeX 2.9\tex/latex/auxhook\auxhook.sty"
Package: auxhook 2019-12-17 v1.6 Hooks for auxiliary files (HO)
)
("C:\Users\HP\AppData\Local\Programs\MiKTeX 2.9\tex/latex/kvoptions\kvoptions.s
ty"
Package: kvoptions 2019/11/29 v3.13 Key value format for package options (HO)
)
\@linkdim=\dimen145
\Hy@linkcounter=\count183
\Hy@pagecounter=\count184

("C:\Users\HP\AppData\Local\Programs\MiKTeX 2.9\tex/latex/hyperref\pd1enc.def"
File: pd1enc.def 2020/01/14 v7.00d Hyperref: PDFDocEncoding definition (HO)
Now handling font encoding PD1 ...
... no UTF-8 mapping file for font encoding PD1
) ("C:\Users\HP\AppData\Local\Programs\MiKTeX 2.9\tex/generic/intcalc\intcalc.s
ty"
Package: intcalc 2019/12/15 v1.3 Expandable calculations with integers (HO)
)
("C:\Users\HP\AppData\Local\Programs\MiKTeX 2.9\tex/generic/etexcmds\etexcmds.s
ty"
Package: etexcmds 2019/12/15 v1.7 Avoid name clashes with e-TeX commands (HO)
)
\Hy@SavedSpaceFactor=\count185
Package hyperref Info: Hyper figures OFF on input line 4547.
Package hyperref Info: Link nesting OFF on input line 4552.
Package hyperref Info: Hyper index ON on input line 4555.
Package hyperref Info: Plain pages OFF on input line 4562.
Package hyperref Info: Backreferencing OFF on input line 4567.
Package hyperref Info: Implicit mode ON; LaTeX internals redefined.
Package hyperref Info: Bookmarks ON on input line 4800.
\c@Hy@tempcnt=\count186
 ("C:\Users\HP\AppData\Local\Programs\MiKTeX 2.9\tex/latex/url\url.sty"
\Urlmuskip=\muskip16
Package: url 2013/09/16  ver 3.4  Verb mode for urls, etc.
)
LaTeX Info: Redefining \url on input line 5159.
\XeTeXLinkMargin=\dimen146

("C:\Users\HP\AppData\Local\Programs\MiKTeX 2.9\tex/generic/bitset\bitset.sty"
Package: bitset 2019/12/09 v1.3 Handle bit-vector datatype (HO)

("C:\Users\HP\AppData\Local\Programs\MiKTeX 2.9\tex/generic/bigintcalc\bigintca
lc.sty"
Package: bigintcalc 2019/12/15 v1.5 Expandable calculations on big integers (HO
)
))
\Fld@menulength=\count187
\Field@Width=\dimen147
\Fld@charsize=\dimen148
Package hyperref Info: Hyper figures OFF on input line 6430.
Package hyperref Info: Link nesting OFF on input line 6435.
Package hyperref Info: Hyper index ON on input line 6438.
Package hyperref Info: backreferencing OFF on input line 6445.
Package hyperref Info: Link coloring OFF on input line 6450.
Package hyperref Info: Link coloring with OCG OFF on input line 6455.
Package hyperref Info: PDF/A mode OFF on input line 6460.
LaTeX Info: Redefining \ref on input line 6500.
LaTeX Info: Redefining \pageref on input line 6504.

("C:\Users\HP\AppData\Local\Programs\MiKTeX 2.9\tex/generic/atbegshi\atbegshi.s
ty"
Package: atbegshi 2019/12/05 v1.19 At begin shipout hook (HO)
)
\Hy@abspage=\count188
\c@Item=\count189
\c@Hfootnote=\count190
)
Package hyperref Info: Driver (autodetected): hpdftex.

("C:\Users\HP\AppData\Local\Programs\MiKTeX 2.9\tex/latex/hyperref\hpdftex.def"
File: hpdftex.def 2020/01/14 v7.00d Hyperref driver for pdfTeX

("C:\Users\HP\AppData\Local\Programs\MiKTeX 2.9\tex/latex/atveryend\atveryend.s
ty"
Package: atveryend 2019-12-11 v1.11 Hooks at the very end of document (HO)
Package atveryend Info: \enddocument detected (standard20110627).
)
\Fld@listcount=\count191
\c@bookmark@seq@number=\count192

("C:\Users\HP\AppData\Local\Programs\MiKTeX 2.9\tex/latex/rerunfilecheck\rerunf
ilecheck.sty"
Package: rerunfilecheck 2019/12/05 v1.9 Rerun checks for auxiliary files (HO)

("C:\Users\HP\AppData\Local\Programs\MiKTeX 2.9\tex/generic/uniquecounter\uniqu
ecounter.sty"
Package: uniquecounter 2019/12/15 v1.4 Provide unlimited unique counter (HO)
)
Package uniquecounter Info: New unique counter `rerunfilecheck' on input line 2
86.
)
\Hy@SectionHShift=\skip49
)
("C:\Users\HP\AppData\Local\Programs\MiKTeX 2.9\tex/latex/etoolbox\etoolbox.sty
"
Package: etoolbox 2019/09/21 v2.5h e-TeX tools for LaTeX (JAW)
\etb@tempcnta=\count193
) ("C:\Users\HP\AppData\Local\Programs\MiKTeX 2.9\tex/latex/base\inputenc.sty"
Package: inputenc 2018/08/11 v1.3c Input encoding file
\inpenc@prehook=\toks17
\inpenc@posthook=\toks18
) ("C:\Users\HP\AppData\Local\Programs\MiKTeX 2.9\tex/generic/babel\babel.sty"
Package: babel 2020/02/28 3.41 The Babel package

("C:\Users\HP\AppData\Local\Programs\MiKTeX 2.9\tex/generic/babel\switch.def"
File: switch.def 2020/02/28 3.41 Babel switching mechanism
)
*************************************
* Local config file bblopts.cfg used
*
("C:\Users\HP\AppData\Local\Programs\MiKTeX 2.9\tex/latex/arabi\bblopts.cfg"
File: bblopts.cfg 2005/09/08 v0.1 add Arabic and Farsi to "declared" options of
 babel
)
("C:\Users\HP\AppData\Local\Programs\MiKTeX 2.9\tex/latex/babel-english\english
.ldf"
Language: english 2017/06/06 v3.3r English support from the babel system

("C:\Users\HP\AppData\Local\Programs\MiKTeX 2.9\tex/generic/babel\babel.def"
File: babel.def 2020/02/28 3.41 Babel common definitions
\babel@savecnt=\count194
\U@D=\dimen149

("C:\Users\HP\AppData\Local\Programs\MiKTeX 2.9\tex/generic/babel\txtbabel.def"
)
\bbl@readstream=\read2
\bbl@dirlevel=\count195
)
Package babel Info: \l@canadian = using hyphenrules for english
(babel)             (\language0) on input line 102.
Package babel Info: \l@australian = using hyphenrules for ukenglish
(babel)             (\language72) on input line 105.
Package babel Info: \l@newzealand = using hyphenrules for ukenglish
(babel)             (\language72) on input line 108.
))
("C:\Users\HP\AppData\Local\Programs\MiKTeX 2.9\tex/latex/multirow\multirow.sty
"
Package: multirow 2021/01/29 v2.7 Span multiple rows of a table
\multirow@colwidth=\skip50
\multirow@cntb=\count196
\multirow@dima=\skip51
\bigstrutjot=\dimen150
)
("C:\Users\HP\AppData\Local\Programs\MiKTeX 2.9\tex/latex/listings\listings.sty
"
\lst@mode=\count197
\lst@gtempboxa=\box45
\lst@token=\toks19
\lst@length=\count198
\lst@currlwidth=\dimen151
\lst@column=\count199
\lst@pos=\count266
\lst@lostspace=\dimen152
\lst@width=\dimen153
\lst@newlines=\count267
\lst@lineno=\count268
\lst@maxwidth=\dimen154
 ("C:\Users\HP\AppData\Local\Programs\MiKTeX 2.9\tex/latex/listings\lstmisc.sty
"
File: lstmisc.sty 2019/09/10 1.8c (Carsten Heinz)
\c@lstnumber=\count269
\lst@skipnumbers=\count270
\lst@framebox=\box46
)
("C:\Users\HP\AppData\Local\Programs\MiKTeX 2.9\tex/latex/listings\listings.cfg
"
File: listings.cfg 2019/09/10 1.8c listings configuration
))
Package: listings 2019/09/10 1.8c (Carsten Heinz)
 ("C:\Users\HP\AppData\Local\Programs\MiKTeX 2.9\tex/latex/xcolor\xcolor.sty"
Package: xcolor 2016/05/11 v2.12 LaTeX color extensions (UK)

("C:\Users\HP\AppData\Local\Programs\MiKTeX 2.9\tex/latex/graphics-cfg\color.cf
g"
File: color.cfg 2016/01/02 v1.6 sample color configuration
)
Package xcolor Info: Driver file: pdftex.def on input line 225.
Package xcolor Info: Model `cmy' substituted by `cmy0' on input line 1348.
Package xcolor Info: Model `hsb' substituted by `rgb' on input line 1352.
Package xcolor Info: Model `RGB' extended on input line 1364.
Package xcolor Info: Model `HTML' substituted by `rgb' on input line 1366.
Package xcolor Info: Model `Hsb' substituted by `hsb' on input line 1367.
Package xcolor Info: Model `tHsb' substituted by `hsb' on input line 1368.
Package xcolor Info: Model `HSB' substituted by `hsb' on input line 1369.
Package xcolor Info: Model `Gray' substituted by `gray' on input line 1370.
Package xcolor Info: Model `wave' substituted by `hsb' on input line 1371.
)
("C:\Users\HP\AppData\Local\Programs\MiKTeX 2.9\tex/latex/tocbibind\tocbibind.s
ty"
Package: tocbibind 2010/10/13 v1.5k extra ToC listings
Package tocbibind Info: The document has chapter divisions on input line 50.


Package tocbibind Note: Using chapter style headings, unless overridden.

)
("C:\Users\HP\AppData\Local\Programs\MiKTeX 2.9\tex/latex/appendix\appendix.sty
"
Package: appendix 2020/02/08 v1.2c extra appendix facilities
\c@@pps=\count271
\c@@ppsavesec=\count272
\c@@ppsaveapp=\count273
) ("C:\Users\HP\AppData\Local\Programs\MiKTeX 2.9\tex/latex/float\float.sty"
Package: float 2001/11/08 v1.3d Float enhancements (AL)
\c@float@type=\count274
\float@exts=\toks20
\float@box=\box47
\@float@everytoks=\toks21
\@floatcapt=\box48
)
("C:\Users\HP\AppData\Local\Programs\MiKTeX 2.9\tex/latex/titlesec\titlesec.sty
"
Package: titlesec 2019/10/16 v2.13 Sectioning titles
\ttl@box=\box49
\beforetitleunit=\skip52
\aftertitleunit=\skip53
\ttl@plus=\dimen155
\ttl@minus=\dimen156
\ttl@toksa=\toks22
\titlewidth=\dimen157
\titlewidthlast=\dimen158
\titlewidthfirst=\dimen159
)
("C:\Users\HP\AppData\Local\Programs\MiKTeX 2.9\tex/latex/l3backend\l3backend-p
dfmode.def"
File: l3backend-pdfmode.def 2020-03-12 L3 backend support: PDF mode
\l__kernel_color_stack_int=\count275
\l__pdf_internal_box=\box50
) (Report.aux)
\openout1 = `Report.aux'.

LaTeX Font Info:    Checking defaults for OML/cmm/m/it on input line 51.
LaTeX Font Info:    ... okay on input line 51.
LaTeX Font Info:    Checking defaults for OMS/cmsy/m/n on input line 51.
LaTeX Font Info:    ... okay on input line 51.
LaTeX Font Info:    Checking defaults for OT1/cmr/m/n on input line 51.
LaTeX Font Info:    ... okay on input line 51.
LaTeX Font Info:    Checking defaults for T1/cmr/m/n on input line 51.
LaTeX Font Info:    ... okay on input line 51.
LaTeX Font Info:    Checking defaults for TS1/cmr/m/n on input line 51.
LaTeX Font Info:    ... okay on input line 51.
LaTeX Font Info:    Checking defaults for OMX/cmex/m/n on input line 51.
LaTeX Font Info:    ... okay on input line 51.
LaTeX Font Info:    Checking defaults for U/cmr/m/n on input line 51.
LaTeX Font Info:    ... okay on input line 51.
LaTeX Font Info:    Checking defaults for PD1/pdf/m/n on input line 51.
LaTeX Font Info:    ... okay on input line 51.

*geometry* driver: auto-detecting
*geometry* detected driver: pdftex
*geometry* verbose mode - [ preamble ] result:
* driver: pdftex
* paper: a4paper
* layout: <same size as paper>
* layoutoffset:(h,v)=(0.0pt,0.0pt)
* modes: 
* h-part:(L,W,R)=(72.26999pt, 452.9679pt, 72.26999pt)
* v-part:(T,H,B)=(72.26999pt, 700.50687pt, 72.26999pt)
* \paperwidth=597.50787pt
* \paperheight=845.04684pt
* \textwidth=452.9679pt
* \textheight=700.50687pt
* \oddsidemargin=0.0pt
* \evensidemargin=0.0pt
* \topmargin=-37.0pt
* \headheight=12.0pt
* \headsep=25.0pt
* \topskip=11.0pt
* \footskip=30.0pt
* \marginparwidth=50.0pt
* \marginparsep=10.0pt
* \columnsep=10.0pt
* \skip\footins=10.0pt plus 4.0pt minus 2.0pt
* \hoffset=0.0pt
* \voffset=0.0pt
* \mag=1000
* \@twocolumnfalse
* \@twosidefalse
* \@mparswitchfalse
* \@reversemarginfalse
* (1in=72.27pt=25.4mm, 1cm=28.453pt)


("C:\Users\HP\AppData\Local\Programs\MiKTeX 2.9\tex/context/base/mkii\supp-pdf.
mkii"
[Loading MPS to PDF converter (version 2006.09.02).]
\scratchcounter=\count276
\scratchdimen=\dimen160
\scratchbox=\box51
\nofMPsegments=\count277
\nofMParguments=\count278
\everyMPshowfont=\toks23
\MPscratchCnt=\count279
\MPscratchDim=\dimen161
\MPnumerator=\count280
\makeMPintoPDFobject=\count281
\everyMPtoPDFconversion=\toks24
)
("C:\Users\HP\AppData\Local\Programs\MiKTeX 2.9\tex/latex/epstopdf-pkg\epstopdf
-base.sty"
Package: epstopdf-base 2020-01-24 v2.11 Base part for package epstopdf
Package epstopdf-base Info: Redefining graphics rule for `.eps' on input line 4
85.
)
\AtBeginShipoutBox=\box52
Package hyperref Info: Link coloring OFF on input line 51.

("C:\Users\HP\AppData\Local\Programs\MiKTeX 2.9\tex/latex/hyperref\nameref.sty"
Package: nameref 2019/09/16 v2.46 Cross-referencing by name of section
("C:\Users\HP\AppData\Local\Programs\MiKTeX 2.9\tex/latex/refcount\refcount.sty
"
Package: refcount 2019/12/15 v3.6 Data extraction from label references (HO)
)
("C:\Users\HP\AppData\Local\Programs\MiKTeX 2.9\tex/generic/gettitlestring\gett
itlestring.sty"
Package: gettitlestring 2019/12/15 v1.6 Cleanup title references (HO)
)
\c@section@level=\count282
)
LaTeX Info: Redefining \ref on input line 51.
LaTeX Info: Redefining \pageref on input line 51.
LaTeX Info: Redefining \nameref on input line 51.
 (Report.out) (Report.out)
\@outlinefile=\write5
\openout5 = `Report.out'.

\c@lstlisting=\count283
<uomlogo.png, id=75, 200.75pt x 212.795pt>
File: uomlogo.png Graphic file (type png)
<use uomlogo.png>
Package pdftex.def Info: uomlogo.png  used on input line 61.
(pdftex.def)             Requested size: 135.89174pt x 144.05577pt.
LaTeX Font Info:    External font `cmex10' loaded for size
(Font)              <10.95> on input line 73.
LaTeX Font Info:    External font `cmex10' loaded for size
(Font)              <8> on input line 73.
LaTeX Font Info:    External font `cmex10' loaded for size
(Font)              <6> on input line 73.
 [1

{C:/Users/HP/AppData/Local/MiKTeX/2.9/pdftex/config/pdftex.map} <./uomlogo.png>
] (Report.tocpdfTeX warning (ext4): destination with the same identifier (name{
page.1}) has been already used, duplicate ignored
<to be read again> 
                   \relax 
l.18 ...}{\numberline {A}Appendix}{15}{appendix.A}
                                                  % [1

])
\tf@toc=\write6
\openout6 = `Report.toc'.

 [2]
Chapter 1.
Chapter 2.
[3

]
Chapter 3.
<Screenshot (165).png, id=120, 286.82156pt x 115.18031pt>
File: Screenshot (165).png Graphic file (type png)
<use Screenshot (165).png>
Package pdftex.def Info: Screenshot (165).png  used on input line 117.
(pdftex.def)             Requested size: 286.82085pt x 115.18001pt.
<Screenshot (174).png, id=121, 205.5178pt x 64.74188pt>
File: Screenshot (174).png Graphic file (type png)
<use Screenshot (174).png>
Package pdftex.def Info: Screenshot (174).png  used on input line 121.
(pdftex.def)             Requested size: 205.5173pt x 64.74171pt.
[4 <./Screenshot (165).png> <./Screenshot (174).png>]
<Screenshot (166).png, id=130, 341.02406pt x 125.71968pt>
File: Screenshot (166).png Graphic file (type png)
<use Screenshot (166).png>
Package pdftex.def Info: Screenshot (166).png  used on input line 132.
(pdftex.def)             Requested size: 341.02322pt x 125.71936pt.
<Screenshot (171).png, id=132, 197.98969pt x 41.4047pt>
File: Screenshot (171).png Graphic file (type png)
<use Screenshot (171).png>
Package pdftex.def Info: Screenshot (171).png  used on input line 137.
(pdftex.def)             Requested size: 197.9892pt x 41.40457pt.
<Screenshot (173).png, id=133, 408.02437pt x 50.43843pt>
File: Screenshot (173).png Graphic file (type png)
<use Screenshot (173).png>
Package pdftex.def Info: Screenshot (173).png  used on input line 139.
(pdftex.def)             Requested size: 408.02338pt x 50.4383pt.
<Screenshot (168).png, id=134, 398.99063pt x 70.76437pt>
File: Screenshot (168).png Graphic file (type png)
<use Screenshot (168).png>
Package pdftex.def Info: Screenshot (168).png  used on input line 143.
(pdftex.def)             Requested size: 398.98965pt x 70.76419pt.
 [5 <./Screenshot (166).png> <./Screenshot (171).png> <./Screenshot (173).png> 
<./Screenshot (168).png>]
<Screenshot (169).png, id=145, 315.42844pt x 77.53969pt>
File: Screenshot (169).png Graphic file (type png)
<use Screenshot (169).png>
Package pdftex.def Info: Screenshot (169).png  used on input line 159.
(pdftex.def)             Requested size: 315.42766pt x 77.53947pt.
<Screenshot (175).png, id=146, 411.03563pt x 64.74188pt>
File: Screenshot (175).png Graphic file (type png)
<use Screenshot (175).png>
Package pdftex.def Info: Screenshot (175).png  used on input line 163.
(pdftex.def)             Requested size: 411.03462pt x 64.74171pt.
<Screenshot (176).png, id=147, 353.06906pt x 271.0125pt>
File: Screenshot (176).png Graphic file (type png)
<use Screenshot (176).png>
Package pdftex.def Info: Screenshot (176).png  used on input line 169.
(pdftex.def)             Requested size: 353.06819pt x 271.01183pt.

[6 <./Screenshot (169).png> <./Screenshot (175).png>]
<Screenshot (170).png, id=162, 475.02469pt x 297.36093pt>
File: Screenshot (170).png Graphic file (type png)
<use Screenshot (170).png>
Package pdftex.def Info: Screenshot (170).png  used on input line 173.
(pdftex.def)             Requested size: 475.02351pt x 297.3602pt.

Overfull \hbox (39.05562pt too wide) in paragraph at lines 173--174
[][] 
 []

[7 <./Screenshot (176).png> <./Screenshot (170).png>]
<Screenshot (172).png, id=169, 292.84406pt x 213.04594pt>
File: Screenshot (172).png Graphic file (type png)
<use Screenshot (172).png>
Package pdftex.def Info: Screenshot (172).png  used on input line 182.
(pdftex.def)             Requested size: 292.84334pt x 213.04541pt.
<Screenshot (177).png, id=170, 175.40532pt x 28.60687pt>
File: Screenshot (177).png Graphic file (type png)
<use Screenshot (177).png>
Package pdftex.def Info: Screenshot (177).png  used on input line 186.
(pdftex.def)             Requested size: 175.40488pt x 28.6068pt.
<Screenshot (181).png, id=171, 285.31593pt x 69.25874pt>
File: Screenshot (181).png Graphic file (type png)
<use Screenshot (181).png>
Package pdftex.def Info: Screenshot (181).png  used on input line 191.
(pdftex.def)             Requested size: 285.31523pt x 69.25856pt.
<Screenshot (182).png, id=172, 386.19281pt x 67.75313pt>
File: Screenshot (182).png Graphic file (type png)
<use Screenshot (182).png>
Package pdftex.def Info: Screenshot (182).png  used on input line 197.
(pdftex.def)             Requested size: 386.19185pt x 67.75294pt.
 [8 <./Screenshot (172).png> <./Screenshot (177).png> <./Screenshot (181).png> 
<./Screenshot (182).png>]
<Screenshot (178).png, id=181, 236.38312pt x 68.50594pt>
File: Screenshot (178).png Graphic file (type png)
<use Screenshot (178).png>
Package pdftex.def Info: Screenshot (178).png  used on input line 202.
(pdftex.def)             Requested size: 236.38254pt x 68.50577pt.
<Screenshot (179).png, id=182, 158.09062pt x 60.225pt>
File: Screenshot (179).png Graphic file (type png)
<use Screenshot (179).png>
Package pdftex.def Info: Screenshot (179).png  used on input line 206.
(pdftex.def)             Requested size: 158.09023pt x 60.22484pt.
<Screenshot (180).png, id=183, 374.90062pt x 48.93282pt>
File: Screenshot (180).png Graphic file (type png)
<use Screenshot (180).png>
Package pdftex.def Info: Screenshot (180).png  used on input line 212.
(pdftex.def)             Requested size: 374.8997pt x 48.93268pt.

[9 <./Screenshot (178).png> <./Screenshot (179).png> <./Screenshot (180).png>]
Chapter 4.
<impulse.png, id=191, 421.575pt x 316.18124pt>
File: impulse.png Graphic file (type png)
<use impulse.png>
Package pdftex.def Info: impulse.png  used on input line 236.
(pdftex.def)             Requested size: 337.26045pt x 252.94533pt.
[10 <./impulse.png (PNG copy)>]
<window.png, id=196, 421.575pt x 316.18124pt>
File: window.png Graphic file (type png)
<use window.png>
Package pdftex.def Info: window.png  used on input line 240.
(pdftex.def)             Requested size: 379.41399pt x 284.56049pt.
<kaiser.png, id=197, 421.575pt x 316.18124pt>
File: kaiser.png Graphic file (type png)
<use kaiser.png>
Package pdftex.def Info: kaiser.png  used on input line 244.
(pdftex.def)             Requested size: 337.26045pt x 252.94533pt.
<bands.png, id=198, 794.97pt x 316.18124pt>
File: bands.png Graphic file (type png)
<use bands.png>
Package pdftex.def Info: bands.png  used on input line 249.
(pdftex.def)             Requested size: 397.48402pt x 158.09023pt.
 [11 <./window.png (PNG copy)> <./kaiser.png (PNG copy)>]
<Output.png, id=203, 718.18312pt x 455.45157pt>
File: Output.png Graphic file (type png)
<use Output.png>
Package pdftex.def Info: Output.png  used on input line 253.
(pdftex.def)             Requested size: 359.09068pt x 227.72522pt.
<Output_freq.png, id=204, 710.655pt x 411.78844pt>
File: Output_freq.png Graphic file (type png)
<use Output_freq.png>
Package pdftex.def Info: Output_freq.png  used on input line 258.
(pdftex.def)             Requested size: 355.32663pt x 205.8937pt.
 [12 <./bands.png (PNG copy)> <./Output.png (PNG copy)> <./Output_freq.png (PNG
 copy)>]
Chapter 5.
[13]
Underfull \hbox (badness 10000) in paragraph at lines 279--282
[]\OT1/cmr/m/n/10.95 K. Deergha Rao, M.N.S. Swamy \OT1/cmr/m/it/10.95 Dig-i-tal
 Sig-nal Pro-cess-ing.\OT1/cmr/m/n/10.95 . Avail-able:
 []


Underfull \hbox (badness 10000) in paragraph at lines 285--288
\OT1/cmtt/m/n/10.95 https://www.ukessays.com/essays/marketing/filter-design-usi
ng-rectangular
 []

[14]
Appendix A.
("C:\Users\HP\AppData\Local\Programs\MiKTeX 2.9\tex/latex/listings\lstlang1.sty
"
File: lstlang1.sty 2019/09/10 1.8c listings language file
)
Package hyperref Info: bookmark level for unknown lstlisting defaults to 0 on i
nput line 295.
 (Bandpass_Final.m [15] [16] [17] [18])
AED endfloat: Processing end Figures and Tables [19]
Package atveryend Info: Empty hook `BeforeClearDocument' on input line 297.
Package atveryend Info: Empty hook `AfterLastShipout' on input line 297.
 (Report.aux)
Package atveryend Info: Executing hook `AtVeryEndDocument' on input line 297.
Package atveryend Info: Executing hook `AtEndAfterFileList' on input line 297.
Package rerunfilecheck Info: File `Report.out' has not changed.
(rerunfilecheck)             Checksum: 22E045964FB759064CFB35F97097669F;1098.
Package atveryend Info: Empty hook `AtVeryVeryEnd' on input line 297.
 ) 
Here is how much of TeX's memory you used:
 10519 strings out of 480934
 154304 string characters out of 2901321
 751658 words of memory out of 3000000
 25928 multiletter control sequences out of 15000+200000
 538530 words of font info for 45 fonts, out of 3000000 for 9000
 1141 hyphenation exceptions out of 8191
 34i,6n,42p,916b,2476s stack positions out of 5000i,500n,10000p,200000b,50000s
 <C:\Users\HP\AppData\Local\MiKTeX\2.9\fonts/pk/ljfour/jknappen/ec/dpi600\tcr
m1095.pk><C:/Users/HP/AppData/Local/Programs/MiKTeX 2.9/fonts/type1/public/amsf
onts/cm/cmbx10.pfb><C:/Users/HP/AppData/Local/Programs/MiKTeX 2.9/fonts/type1/p
ublic/amsfonts/cm/cmbx12.pfb><C:/Users/HP/AppData/Local/Programs/MiKTeX 2.9/fon
ts/type1/public/amsfonts/cm/cmr10.pfb><C:/Users/HP/AppData/Local/Programs/MiKTe
X 2.9/fonts/type1/public/amsfonts/cm/cmr12.pfb><C:/Users/HP/AppData/Local/Progr
ams/MiKTeX 2.9/fonts/type1/public/amsfonts/cm/cmr6.pfb><C:/Users/HP/AppData/Loc
al/Programs/MiKTeX 2.9/fonts/type1/public/amsfonts/cm/cmti10.pfb><C:/Users/HP/A
ppData/Local/Programs/MiKTeX 2.9/fonts/type1/public/amsfonts/cm/cmtt10.pfb><C:/
Users/HP/AppData/Local/Programs/MiKTeX 2.9/fonts/type1/public/amsfonts/cm/cmtt9
.pfb>
Output written on Report.pdf (20 pages, 630705 bytes).
PDF statistics:
 568 PDF objects out of 1000 (max. 8388607)
 283 named destinations out of 1000 (max. 500000)
 265 words of extra memory for PDF output out of 10000 (max. 10000000)

